android/app/build/intermediates/manifest_merge_blame_file/release/processReleaseMainManifest/manifest-merger-blame-release-report.txt
1<?xml version="1.0" encoding="utf-8"?>
2<manifest xmlns:android="http://schemas.android.com/apk/res/android"
3    package="com.vibetune.app"
4    android:versionCode="3"
5    android:versionName="1.2.0" >
6
7    <uses-sdk
8        android:minSdkVersion="24"
9        android:targetSdkVersion="36" />
10
11    <!-- Permissions -->
12    <uses-permission android:name="android.permission.INTERNET" />
12-->src/main/AndroidManifest.xml:81:5-67
12-->src/main/AndroidManifest.xml:81:22-64
13    <uses-permission android:name="android.permission.ACCESS_NETWORK_STATE" />
13-->src/main/AndroidManifest.xml:82:5-79
13-->src/main/AndroidManifest.xml:82:22-76
14    <!-- Required for background audio playback on Android 14+ -->
15    <uses-permission android:name="android.permission.FOREGROUND_SERVICE" />
15-->src/main/AndroidManifest.xml:84:5-77
15-->src/main/AndroidManifest.xml:84:22-74
16    <uses-permission android:name="android.permission.FOREGROUND_SERVICE_MEDIA_PLAYBACK" />
16-->src/main/AndroidManifest.xml:85:5-92
16-->src/main/AndroidManifest.xml:85:22-89
17    <!-- Now Playing notification on Android 13+ -->
18    <uses-permission android:name="android.permission.POST_NOTIFICATIONS" />
18-->src/main/AndroidManifest.xml:87:5-77
18-->src/main/AndroidManifest.xml:87:22-74
19    <!-- Wake lock to keep audio playing when screen is off -->
20    <uses-permission android:name="android.permission.WAKE_LOCK" />
20-->src/main/AndroidManifest.xml:89:5-68
20-->src/main/AndroidManifest.xml:89:22-65
21    <!-- Keep playback alive after a reboot-triggered relaunch -->
22    <uses-permission android:name="android.permission.RECEIVE_BOOT_COMPLETED" />
22-->src/main/AndroidManifest.xml:91:5-81
22-->src/main/AndroidManifest.xml:91:22-78
23    <uses-permission android:name="android.permission.MODIFY_AUDIO_SETTINGS" />
23-->src/main/AndroidManifest.xml:92:5-80
23-->src/main/AndroidManifest.xml:92:22-77
24    <uses-permission android:name="android.permission.VIBRATE" />
24-->src/main/AndroidManifest.xml:93:5-66
24-->src/main/AndroidManifest.xml:93:22-63
25    <!-- Offline downloads are written to Documents/Vibetune as real files -->
26    <uses-permission android:name="android.permission.READ_MEDIA_AUDIO" />
26-->src/main/AndroidManifest.xml:95:5-75
26-->src/main/AndroidManifest.xml:95:22-72
27    <uses-permission
27-->src/main/AndroidManifest.xml:96:5-108
28        android:name="android.permission.WRITE_EXTERNAL_STORAGE"
28-->src/main/AndroidManifest.xml:96:22-78
29        android:maxSdkVersion="28" />
29-->src/main/AndroidManifest.xml:96:79-105
30    <uses-permission
30-->src/main/AndroidManifest.xml:97:5-107
31        android:name="android.permission.READ_EXTERNAL_STORAGE"
31-->src/main/AndroidManifest.xml:97:22-77
32        android:maxSdkVersion="32" />
32-->src/main/AndroidManifest.xml:97:78-104
33
34    <permission
34-->[androidx.core:core:1.17.0] AndroidManifest.xml:22:5-24:47
35        android:name="com.vibetune.app.DYNAMIC_RECEIVER_NOT_EXPORTED_PERMISSION"
35-->[androidx.core:core:1.17.0] AndroidManifest.xml:23:9-81
36        android:protectionLevel="signature" />
36-->[androidx.core:core:1.17.0] AndroidManifest.xml:24:9-44
37
38    <uses-permission android:name="com.vibetune.app.DYNAMIC_RECEIVER_NOT_EXPORTED_PERMISSION" />
38-->[androidx.core:core:1.17.0] AndroidManifest.xml:26:5-97
38-->[androidx.core:core:1.17.0] AndroidManifest.xml:26:22-94
39
40    <application
40-->src/main/AndroidManifest.xml:4:5-78:19
41        android:allowBackup="true"
41-->src/main/AndroidManifest.xml:5:9-35
42        android:appComponentFactory="androidx.core.app.CoreComponentFactory"
42-->[androidx.core:core:1.17.0] AndroidManifest.xml:28:18-86
43        android:extractNativeLibs="false"
44        android:hardwareAccelerated="true"
44-->src/main/AndroidManifest.xml:11:9-43
45        android:icon="@mipmap/ic_launcher"
45-->src/main/AndroidManifest.xml:6:9-43
46        android:label="@string/app_name"
46-->src/main/AndroidManifest.xml:7:9-41
47        android:largeHeap="true"
47-->src/main/AndroidManifest.xml:12:9-33
48        android:requestLegacyExternalStorage="true"
48-->src/main/AndroidManifest.xml:14:9-52
49        android:roundIcon="@mipmap/ic_launcher_round"
49-->src/main/AndroidManifest.xml:8:9-54
50        android:supportsRtl="true"
50-->src/main/AndroidManifest.xml:9:9-35
51        android:theme="@style/AppTheme"
51-->src/main/AndroidManifest.xml:10:9-40
52        android:usesCleartextTraffic="true" >
52-->src/main/AndroidManifest.xml:13:9-44
53        <activity
53-->src/main/AndroidManifest.xml:16:9-46:20
54            android:name="com.vibetune.app.MainActivity"
54-->src/main/AndroidManifest.xml:18:13-41
55            android:configChanges="orientation|keyboardHidden|keyboard|screenSize|locale|smallestScreenSize|screenLayout|uiMode|navigation|density"
55-->src/main/AndroidManifest.xml:17:13-148
56            android:exported="true"
56-->src/main/AndroidManifest.xml:25:13-36
57            android:label="@string/title_activity_main"
57-->src/main/AndroidManifest.xml:19:13-56
58            android:launchMode="singleTask"
58-->src/main/AndroidManifest.xml:22:13-44
59            android:resizeableActivity="true"
59-->src/main/AndroidManifest.xml:23:13-46
60            android:supportsPictureInPicture="true"
60-->src/main/AndroidManifest.xml:24:13-52
61            android:theme="@style/AppTheme.NoActionBarLaunch"
61-->src/main/AndroidManifest.xml:20:13-62
62            android:windowSoftInputMode="adjustResize" >
62-->src/main/AndroidManifest.xml:21:13-55
63            <intent-filter>
63-->src/main/AndroidManifest.xml:27:13-30:29
64                <action android:name="android.intent.action.MAIN" />
64-->src/main/AndroidManifest.xml:28:17-69
64-->src/main/AndroidManifest.xml:28:25-66
65
66                <category android:name="android.intent.category.LAUNCHER" />
66-->src/main/AndroidManifest.xml:29:17-77
66-->src/main/AndroidManifest.xml:29:27-74
67            </intent-filter>
68
69            <!-- Deep links: open vibetune:// and https://vibetuneapp.lovable.app links in-app -->
70            <intent-filter>
70-->src/main/AndroidManifest.xml:33:13-38:29
71                <action android:name="android.intent.action.VIEW" />
71-->src/main/AndroidManifest.xml:34:17-69
71-->src/main/AndroidManifest.xml:34:25-66
72
73                <category android:name="android.intent.category.DEFAULT" />
73-->src/main/AndroidManifest.xml:35:17-76
73-->src/main/AndroidManifest.xml:35:27-73
74                <category android:name="android.intent.category.BROWSABLE" />
74-->src/main/AndroidManifest.xml:36:17-78
74-->src/main/AndroidManifest.xml:36:27-75
75
76                <data android:scheme="vibetune" />
76-->src/main/AndroidManifest.xml:37:17-51
76-->src/main/AndroidManifest.xml:37:23-48
77            </intent-filter>
78            <intent-filter android:autoVerify="true" >
78-->src/main/AndroidManifest.xml:39:13-44:29
78-->src/main/AndroidManifest.xml:39:28-53
79                <action android:name="android.intent.action.VIEW" />
79-->src/main/AndroidManifest.xml:34:17-69
79-->src/main/AndroidManifest.xml:34:25-66
80
81                <category android:name="android.intent.category.DEFAULT" />
81-->src/main/AndroidManifest.xml:35:17-76
81-->src/main/AndroidManifest.xml:35:27-73
82                <category android:name="android.intent.category.BROWSABLE" />
82-->src/main/AndroidManifest.xml:36:17-78
82-->src/main/AndroidManifest.xml:36:27-75
83
84                <data
84-->src/main/AndroidManifest.xml:37:17-51
85                    android:host="vibetuneapp.lovable.app"
85-->src/main/AndroidManifest.xml:43:46-84
86                    android:scheme="https" />
86-->src/main/AndroidManifest.xml:37:23-48
87            </intent-filter>
88        </activity>
89
90        <provider
91            android:name="androidx.core.content.FileProvider"
91-->src/main/AndroidManifest.xml:49:13-62
92            android:authorities="com.vibetune.app.fileprovider"
92-->src/main/AndroidManifest.xml:50:13-64
93            android:exported="false"
93-->src/main/AndroidManifest.xml:51:13-37
94            android:grantUriPermissions="true" >
94-->src/main/AndroidManifest.xml:52:13-47
95            <meta-data
95-->src/main/AndroidManifest.xml:53:13-55:64
96                android:name="android.support.FILE_PROVIDER_PATHS"
96-->src/main/AndroidManifest.xml:54:17-67
97                android:resource="@xml/file_paths" />
97-->src/main/AndroidManifest.xml:55:17-51
98        </provider>
99
100        <!--
101             Media playback: MediaSession-backed foreground service with a rich
102             Now Playing notification, lock-screen and Bluetooth controls.
103        -->
104        <service
104-->src/main/AndroidManifest.xml:60:9-67:19
105            android:name="com.vibetune.app.AudioForegroundService"
105-->src/main/AndroidManifest.xml:61:13-51
106            android:exported="false"
106-->src/main/AndroidManifest.xml:62:13-37
107            android:foregroundServiceType="mediaPlayback" >
107-->src/main/AndroidManifest.xml:63:13-58
108            <intent-filter>
108-->src/main/AndroidManifest.xml:64:13-66:29
109                <action android:name="android.intent.action.MEDIA_BUTTON" />
109-->src/main/AndroidManifest.xml:65:17-77
109-->src/main/AndroidManifest.xml:65:25-74
110            </intent-filter>
111        </service>
112
113        <!-- Hardware / headset media buttons -->
114        <receiver
114-->src/main/AndroidManifest.xml:70:9-76:20
115            android:name="androidx.media.session.MediaButtonReceiver"
115-->src/main/AndroidManifest.xml:71:13-70
116            android:exported="true" >
116-->src/main/AndroidManifest.xml:72:13-36
117            <intent-filter>
117-->src/main/AndroidManifest.xml:64:13-66:29
118                <action android:name="android.intent.action.MEDIA_BUTTON" />
118-->src/main/AndroidManifest.xml:65:17-77
118-->src/main/AndroidManifest.xml:65:25-74
119            </intent-filter>
120        </receiver>
121
122        <provider
122-->[androidx.emoji2:emoji2:1.3.0] AndroidManifest.xml:24:9-32:20
123            android:name="androidx.startup.InitializationProvider"
123-->[androidx.emoji2:emoji2:1.3.0] AndroidManifest.xml:25:13-67
124            android:authorities="com.vibetune.app.androidx-startup"
124-->[androidx.emoji2:emoji2:1.3.0] AndroidManifest.xml:26:13-68
125            android:exported="false" >
125-->[androidx.emoji2:emoji2:1.3.0] AndroidManifest.xml:27:13-37
126            <meta-data
126-->[androidx.emoji2:emoji2:1.3.0] AndroidManifest.xml:29:13-31:52
127                android:name="androidx.emoji2.text.EmojiCompatInitializer"
127-->[androidx.emoji2:emoji2:1.3.0] AndroidManifest.xml:30:17-75
128                android:value="androidx.startup" />
128-->[androidx.emoji2:emoji2:1.3.0] AndroidManifest.xml:31:17-49
129            <meta-data
129-->[androidx.lifecycle:lifecycle-process:2.6.2] AndroidManifest.xml:29:13-31:52
130                android:name="androidx.lifecycle.ProcessLifecycleInitializer"
130-->[androidx.lifecycle:lifecycle-process:2.6.2] AndroidManifest.xml:30:17-78
131                android:value="androidx.startup" />
131-->[androidx.lifecycle:lifecycle-process:2.6.2] AndroidManifest.xml:31:17-49
132            <meta-data
132-->[androidx.profileinstaller:profileinstaller:1.4.0] AndroidManifest.xml:29:13-31:52
133                android:name="androidx.profileinstaller.ProfileInstallerInitializer"
133-->[androidx.profileinstaller:profileinstaller:1.4.0] AndroidManifest.xml:30:17-85
134                android:value="androidx.startup" />
134-->[androidx.profileinstaller:profileinstaller:1.4.0] AndroidManifest.xml:31:17-49
135        </provider>
136
137        <receiver
137-->[androidx.profileinstaller:profileinstaller:1.4.0] AndroidManifest.xml:34:9-52:20
138            android:name="androidx.profileinstaller.ProfileInstallReceiver"
138-->[androidx.profileinstaller:profileinstaller:1.4.0] AndroidManifest.xml:35:13-76
139            android:directBootAware="false"
139-->[androidx.profileinstaller:profileinstaller:1.4.0] AndroidManifest.xml:36:13-44
140            android:enabled="true"
140-->[androidx.profileinstaller:profileinstaller:1.4.0] AndroidManifest.xml:37:13-35
141            android:exported="true"
141-->[androidx.profileinstaller:profileinstaller:1.4.0] AndroidManifest.xml:38:13-36
142            android:permission="android.permission.DUMP" >
142-->[androidx.profileinstaller:profileinstaller:1.4.0] AndroidManifest.xml:39:13-57
143            <intent-filter>
143-->[androidx.profileinstaller:profileinstaller:1.4.0] AndroidManifest.xml:40:13-42:29
144                <action android:name="androidx.profileinstaller.action.INSTALL_PROFILE" />
144-->[androidx.profileinstaller:profileinstaller:1.4.0] AndroidManifest.xml:41:17-91
144-->[androidx.profileinstaller:profileinstaller:1.4.0] AndroidManifest.xml:41:25-88
145            </intent-filter>
146            <intent-filter>
146-->[androidx.profileinstaller:profileinstaller:1.4.0] AndroidManifest.xml:43:13-45:29
147                <action android:name="androidx.profileinstaller.action.SKIP_FILE" />
147-->[androidx.profileinstaller:profileinstaller:1.4.0] AndroidManifest.xml:44:17-85
147-->[androidx.profileinstaller:profileinstaller:1.4.0] AndroidManifest.xml:44:25-82
148            </intent-filter>
149            <intent-filter>
149-->[androidx.profileinstaller:profileinstaller:1.4.0] AndroidManifest.xml:46:13-48:29
150                <action android:name="androidx.profileinstaller.action.SAVE_PROFILE" />
150-->[androidx.profileinstaller:profileinstaller:1.4.0] AndroidManifest.xml:47:17-88
150-->[androidx.profileinstaller:profileinstaller:1.4.0] AndroidManifest.xml:47:25-85
151            </intent-filter>
152            <intent-filter>
152-->[androidx.profileinstaller:profileinstaller:1.4.0] AndroidManifest.xml:49:13-51:29
153                <action android:name="androidx.profileinstaller.action.BENCHMARK_OPERATION" />
153-->[androidx.profileinstaller:profileinstaller:1.4.0] AndroidManifest.xml:50:17-95
153-->[androidx.profileinstaller:profileinstaller:1.4.0] AndroidManifest.xml:50:25-92
154            </intent-filter>
155        </receiver>
156    </application>
157
158</manifest>